Replace Part C1 ACT4070B_SMD in C:\Users\Magnus\Documents\Fuel_Fighter_BMS\Power board_Autonomous\Power_board_Autonomous_schmatics.SchDoc with ACT4070B_SMD from FF_component_lib.SchLib
Replace Part C2 C_SMD_0805 in C:\Users\Magnus\Documents\Fuel_Fighter_BMS\Power board_Autonomous\Power_board_Autonomous_schmatics.SchDoc with C_SMD_0805 from FF_component_lib.SchLib
Replace Part C3 C_SMD_0805 in C:\Users\Magnus\Documents\Fuel_Fighter_BMS\Power board_Autonomous\Power_board_Autonomous_schmatics.SchDoc with C_SMD_0805 from FF_component_lib.SchLib
Replace Part C4 C_EL_SMT_Ø6.3 in C:\Users\Magnus\Documents\Fuel_Fighter_BMS\Power board_Autonomous\Power_board_Autonomous_schmatics.SchDoc with C_EL_SMT_Ø6.3 from FF_component_lib.SchLib
Replace Part C5 C_SMD_0805 in C:\Users\Magnus\Documents\Fuel_Fighter_BMS\Power board_Autonomous\Power_board_Autonomous_schmatics.SchDoc with C_SMD_0805 from FF_component_lib.SchLib
Replace Part C6 C_SMD_0805 in C:\Users\Magnus\Documents\Fuel_Fighter_BMS\Power board_Autonomous\Power_board_Autonomous_schmatics.SchDoc with C_SMD_0805 from FF_component_lib.SchLib
Replace Part C7 C_SMD_0805 in C:\Users\Magnus\Documents\Fuel_Fighter_BMS\Power board_Autonomous\Power_board_Autonomous_schmatics.SchDoc with C_SMD_0805 from FF_component_lib.SchLib
Replace Part C8 C_SMD_0805 in C:\Users\Magnus\Documents\Fuel_Fighter_BMS\Power board_Autonomous\Power_board_Autonomous_schmatics.SchDoc with C_SMD_0805 from FF_component_lib.SchLib
Replace Part C9 C_EL_SMT_Ø6.3 in C:\Users\Magnus\Documents\Fuel_Fighter_BMS\Power board_Autonomous\Power_board_Autonomous_schmatics.SchDoc with C_EL_SMT_Ø6.3 from FF_component_lib.SchLib
Replace Part C10 C_EL_SMT_Ø6.3 in C:\Users\Magnus\Documents\Fuel_Fighter_BMS\Power board_Autonomous\Power_board_Autonomous_schmatics.SchDoc with C_EL_SMT_Ø6.3 from FF_component_lib.SchLib
Replace Part D1 Diode 10TQ035 in C:\Users\Magnus\Documents\Fuel_Fighter_BMS\Power board_Autonomous\Power_board_Autonomous_schmatics.SchDoc with Diode 10TQ035 from Miscellaneous Devices.IntLib
Replace Part D2 Diode 10TQ035 in C:\Users\Magnus\Documents\Fuel_Fighter_BMS\Power board_Autonomous\Power_board_Autonomous_schmatics.SchDoc with Diode 10TQ035 from Miscellaneous Devices.IntLib
Replace Part DCDC1 ACT4070B_SMD in C:\Users\Magnus\Documents\Fuel_Fighter_BMS\Power board_Autonomous\Power_board_Autonomous_schmatics.SchDoc with ACT4070B_SMD from FF_component_lib.SchLib
Replace Part DCDC2 RT8289_SMD in C:\Users\Magnus\Documents\Fuel_Fighter_BMS\Power board_Autonomous\Power_board_Autonomous_schmatics.SchDoc with RT8289_SMD from FF_component_lib.SchLib
Replace Part F1 Fuse 1 in C:\Users\Magnus\Documents\Fuel_Fighter_BMS\Power board_Autonomous\Power_board_Autonomous_schmatics.SchDoc with Fuse 1 from Miscellaneous Devices.IntLib
Replace Part F2 Fuse 1 in C:\Users\Magnus\Documents\Fuel_Fighter_BMS\Power board_Autonomous\Power_board_Autonomous_schmatics.SchDoc with Fuse 1 from Miscellaneous Devices.IntLib
Replace Part L1 L_2.4A_12.5*12.5 in C:\Users\Magnus\Documents\Fuel_Fighter_BMS\Power board_Autonomous\Power_board_Autonomous_schmatics.SchDoc with L_2.4A_12.5*12.5 from FF_component_lib.SchLib
Replace Part L2 L_7A_16.9*16.9 in C:\Users\Magnus\Documents\Fuel_Fighter_BMS\Power board_Autonomous\Power_board_Autonomous_schmatics.SchDoc with L_7A_16.9*16.9 from FF_component_lib.SchLib
Replace Part Pinn XT-60 in C:\Users\Magnus\Documents\Fuel_Fighter_BMS\Power board_Autonomous\Power_board_Autonomous_schmatics.SchDoc with XT-60 from FF_component_lib.SchLib
Replace Part Put_1A XT-60 in C:\Users\Magnus\Documents\Fuel_Fighter_BMS\Power board_Autonomous\Power_board_Autonomous_schmatics.SchDoc with XT-60 from FF_component_lib.SchLib
Replace Part Put_5A XT-60 in C:\Users\Magnus\Documents\Fuel_Fighter_BMS\Power board_Autonomous\Power_board_Autonomous_schmatics.SchDoc with XT-60 from FF_component_lib.SchLib
Replace Part R1 R_SMD_0805 in C:\Users\Magnus\Documents\Fuel_Fighter_BMS\Power board_Autonomous\Power_board_Autonomous_schmatics.SchDoc with R_SMD_0805 from FF_component_lib.SchLib
Replace Part R2 R_SMD_0805 in C:\Users\Magnus\Documents\Fuel_Fighter_BMS\Power board_Autonomous\Power_board_Autonomous_schmatics.SchDoc with R_SMD_0805 from FF_component_lib.SchLib
Replace Part R3 R_SMD_0805 in C:\Users\Magnus\Documents\Fuel_Fighter_BMS\Power board_Autonomous\Power_board_Autonomous_schmatics.SchDoc with R_SMD_0805 from FF_component_lib.SchLib
Replace Part R4 R_SMD_0805 in C:\Users\Magnus\Documents\Fuel_Fighter_BMS\Power board_Autonomous\Power_board_Autonomous_schmatics.SchDoc with R_SMD_0805 from FF_component_lib.SchLib
Replace Part R5 R_SMD_0805 in C:\Users\Magnus\Documents\Fuel_Fighter_BMS\Power board_Autonomous\Power_board_Autonomous_schmatics.SchDoc with R_SMD_0805 from FF_component_lib.SchLib
