Replace Symbol from C1 C_SMD_0805 in C:\Users\BOB\Documents\FF_BMS_2020\Power board_Autonomous\Power_board_Autonomous_schmatics.SchDoc with C_SMD_0805 from FF_component_lib.SchLib
Replace Symbol from C2 C_SMD_0805 in C:\Users\BOB\Documents\FF_BMS_2020\Power board_Autonomous\Power_board_Autonomous_schmatics.SchDoc with C_SMD_0805 from FF_component_lib.SchLib
Replace Symbol from C3 C_SMD_0805 in C:\Users\BOB\Documents\FF_BMS_2020\Power board_Autonomous\Power_board_Autonomous_schmatics.SchDoc with C_SMD_0805 from FF_component_lib.SchLib
Replace Symbol from C4 C_EL_SMT_Ø6.3 in C:\Users\BOB\Documents\FF_BMS_2020\Power board_Autonomous\Power_board_Autonomous_schmatics.SchDoc with C_EL_SMT_Ø6.3 from FF_component_lib.SchLib
Replace Symbol from C5 C_SMD_0805 in C:\Users\BOB\Documents\FF_BMS_2020\Power board_Autonomous\Power_board_Autonomous_schmatics.SchDoc with C_SMD_0805 from FF_component_lib.SchLib
Replace Symbol from C6 C_SMD_0805 in C:\Users\BOB\Documents\FF_BMS_2020\Power board_Autonomous\Power_board_Autonomous_schmatics.SchDoc with C_SMD_0805 from FF_component_lib.SchLib
Replace Symbol from C7 C_SMD_0805 in C:\Users\BOB\Documents\FF_BMS_2020\Power board_Autonomous\Power_board_Autonomous_schmatics.SchDoc with C_SMD_0805 from FF_component_lib.SchLib
Replace Symbol from C8 C_SMD_0805 in C:\Users\BOB\Documents\FF_BMS_2020\Power board_Autonomous\Power_board_Autonomous_schmatics.SchDoc with C_SMD_0805 from FF_component_lib.SchLib
Replace Symbol from C9 C_EL_SMT_Ø6.3 in C:\Users\BOB\Documents\FF_BMS_2020\Power board_Autonomous\Power_board_Autonomous_schmatics.SchDoc with C_EL_SMT_Ø6.3 from FF_component_lib.SchLib
Replace Symbol from C10 C_EL_SMT_Ø6.3 in C:\Users\BOB\Documents\FF_BMS_2020\Power board_Autonomous\Power_board_Autonomous_schmatics.SchDoc with C_EL_SMT_Ø6.3 from FF_component_lib.SchLib
Replace Symbol from D1 Diode 10TQ035 in C:\Users\BOB\Documents\FF_BMS_2020\Power board_Autonomous\Power_board_Autonomous_schmatics.SchDoc with Diode 10TQ035 from Miscellaneous Devices.IntLib
Replace Symbol from D2 Diode 10TQ035 in C:\Users\BOB\Documents\FF_BMS_2020\Power board_Autonomous\Power_board_Autonomous_schmatics.SchDoc with Diode 10TQ035 from Miscellaneous Devices.IntLib
Replace Symbol from DCDC1 ACT4070B_SMD in C:\Users\BOB\Documents\FF_BMS_2020\Power board_Autonomous\Power_board_Autonomous_schmatics.SchDoc with ACT4070B_SMD from FF_component_lib.SchLib
Replace Symbol from DCDC2 RT8289_SMD in C:\Users\BOB\Documents\FF_BMS_2020\Power board_Autonomous\Power_board_Autonomous_schmatics.SchDoc with RT8289_SMD from FF_component_lib.SchLib
Replace Symbol from F1 Fuse-holder-3A in C:\Users\BOB\Documents\FF_BMS_2020\Power board_Autonomous\Power_board_Autonomous_schmatics.SchDoc with Fuse-holder-3A from FF_component_lib.SchLib
Replace Symbol from F2 Fuse-holder-3A in C:\Users\BOB\Documents\FF_BMS_2020\Power board_Autonomous\Power_board_Autonomous_schmatics.SchDoc with Fuse-holder-3A from FF_component_lib.SchLib
Replace Symbol from L1 L_68u_SMT 11.5*10 in C:\Users\BOB\Documents\FF_BMS_2020\Power board_Autonomous\Power_board_Autonomous_schmatics.SchDoc with L_68u_SMT 11.5*10 from FF_component_lib.SchLib
Replace Symbol from L2 L_7A_16.9*16.9 in C:\Users\BOB\Documents\FF_BMS_2020\Power board_Autonomous\Power_board_Autonomous_schmatics.SchDoc with L_7A_16.9*16.9 from FF_component_lib.SchLib
Replace Symbol from Pinn XT-60 in C:\Users\BOB\Documents\FF_BMS_2020\Power board_Autonomous\Power_board_Autonomous_schmatics.SchDoc with XT-60 from FF_component_lib.SchLib
Replace Symbol from Put_1A XT-60 in C:\Users\BOB\Documents\FF_BMS_2020\Power board_Autonomous\Power_board_Autonomous_schmatics.SchDoc with XT-60 from FF_component_lib.SchLib
Replace Symbol from Put_5A XT-60 in C:\Users\BOB\Documents\FF_BMS_2020\Power board_Autonomous\Power_board_Autonomous_schmatics.SchDoc with XT-60 from FF_component_lib.SchLib
Replace Symbol from Put_LIDAR XT-60 in C:\Users\BOB\Documents\FF_BMS_2020\Power board_Autonomous\Power_board_Autonomous_schmatics.SchDoc with XT-60 from FF_component_lib.SchLib
Replace Symbol from Put_NUC XT-60 in C:\Users\BOB\Documents\FF_BMS_2020\Power board_Autonomous\Power_board_Autonomous_schmatics.SchDoc with XT-60 from FF_component_lib.SchLib
Replace Symbol from R1 R_SMD_0805 in C:\Users\BOB\Documents\FF_BMS_2020\Power board_Autonomous\Power_board_Autonomous_schmatics.SchDoc with R_SMD_0805 from FF_component_lib.SchLib
Replace Symbol from R2 R_SMD_0805 in C:\Users\BOB\Documents\FF_BMS_2020\Power board_Autonomous\Power_board_Autonomous_schmatics.SchDoc with R_SMD_0805 from FF_component_lib.SchLib
Replace Symbol from R3 R_SMD_0805 in C:\Users\BOB\Documents\FF_BMS_2020\Power board_Autonomous\Power_board_Autonomous_schmatics.SchDoc with R_SMD_0805 from FF_component_lib.SchLib
Replace Symbol from R4 R_SMD_0805 in C:\Users\BOB\Documents\FF_BMS_2020\Power board_Autonomous\Power_board_Autonomous_schmatics.SchDoc with R_SMD_0805 from FF_component_lib.SchLib
Replace Symbol from R5 R_SMD_0805 in C:\Users\BOB\Documents\FF_BMS_2020\Power board_Autonomous\Power_board_Autonomous_schmatics.SchDoc with R_SMD_0805 from FF_component_lib.SchLib
