Removed Pin From Net: NetName=NetC9_1 Pin=C9-1
Removed Pin From Net: NetName=GND Pin=C9-2
Removed Pin From Net: NetName=NetC9_1 Pin=C10-1
Removed Pin From Net: NetName=GND Pin=C10-2
Change Component Footprint: Designator=C4 Old Footprint=C_SMD_0805_pcb New Footprint=C_EL_SMT_Ø6.3
Change Component Footprint: Designator=C9 Old Footprint=C_SMD_0805_pcb New Footprint=C_EL_SMT_Ø6.3
Change Component Footprint: Designator=C10 Old Footprint=C_SMD_0805_pcb New Footprint=C_EL_SMT_Ø6.3
Change Component Comment : Designator=C4 Old Comment=SMD New Comment=C_EL_SMT_Ø6.3
Change Component Comment : Designator=C9 Old Comment=SMD New Comment=C_EL_SMT_Ø6.3
Change Component Comment : Designator=C10 Old Comment=SMD New Comment=C_EL_SMT_Ø6.3
Change component parameters: Designator = "C9"; Footprint = "C_EL_SMT_Ø6.3"; UniqueID = "\SNTLNRCM"
Change component parameters. Clean all parameters for all variants
Change component parameters (AddParameter): Name = "Supplier 1"; Value = ""; VariantName = "[No Variations]"
Change component parameters (AddParameter): Name = "Supplier Part Number 1"; Value = ""; VariantName = "[No Variations]"
Change component parameters (AddParameter): Name = "Value"; Value = "47uF"; VariantName = "[No Variations]"
Change component parameters: Designator = "C10"; Footprint = "C_EL_SMT_Ø6.3"; UniqueID = "\LMZIEMKX"
Change component parameters. Clean all parameters for all variants
Change component parameters (AddParameter): Name = "Supplier 1"; Value = ""; VariantName = "[No Variations]"
Change component parameters (AddParameter): Name = "Supplier Part Number 1"; Value = ""; VariantName = "[No Variations]"
Change component parameters (AddParameter): Name = "Value"; Value = "47uF"; VariantName = "[No Variations]"
Added Pin To Net: NetName=GND Pin=C9-1
Added Pin To Net: NetName=NetC9_1 Pin=C9-2
Added Pin To Net: NetName=GND Pin=C10-1
Added Pin To Net: NetName=NetC9_1 Pin=C10-2
Change Net Name : Old Net Name=NetC9_1 New Net Name=NetC9_2
