Removed Parameter ComponentLink1Description:its datasheet from Part DCDC1
Removed Parameter ComponentLink1URL:https://active-semi.com/wp-content/uploads/ACT4070B_Datasheet.pdf from Part DCDC1
Change Component Parameter Description in DCDC1 Old=6v to 30v input range 
3A output current
up to 12v output New=6v to 30v input range 
3A output current
up to 12v output
https://active-semi.com/wp-content/uploads/ACT4070B_Datasheet.pdf
Change Component Parameter Comment in F2 Old= New=Fuse-holder-3A
Added Parameter Supplier 1= to Part P3
Added Parameter Supplier Part Number 1= to Part P3
Replace Symbol from C1 C_SMD_0805 in C:\Users\BOB\Documents\FF_BMS_2020\Power board\Power_board_schmatics.SchDoc with C_SMD_0805 from FF_component_lib.SchLib
Replace Symbol from C2 C_SMD_0805 in C:\Users\BOB\Documents\FF_BMS_2020\Power board\Power_board_schmatics.SchDoc with C_SMD_0805 from FF_component_lib.SchLib
Replace Symbol from C3 C_SMD_0805 in C:\Users\BOB\Documents\FF_BMS_2020\Power board\Power_board_schmatics.SchDoc with C_SMD_0805 from FF_component_lib.SchLib
Replace Symbol from C4 C_SMD_0805 in C:\Users\BOB\Documents\FF_BMS_2020\Power board\Power_board_schmatics.SchDoc with C_SMD_0805 from FF_component_lib.SchLib
Replace Symbol from C5 C_SMD_0805 in C:\Users\BOB\Documents\FF_BMS_2020\Power board\Power_board_schmatics.SchDoc with C_SMD_0805 from FF_component_lib.SchLib
Replace Symbol from C6 C_SMD_0805 in C:\Users\BOB\Documents\FF_BMS_2020\Power board\Power_board_schmatics.SchDoc with C_SMD_0805 from FF_component_lib.SchLib
Replace Symbol from C7 C_SMD_0805 in C:\Users\BOB\Documents\FF_BMS_2020\Power board\Power_board_schmatics.SchDoc with C_SMD_0805 from FF_component_lib.SchLib
Replace Symbol from C8 C_SMD_0805 in C:\Users\BOB\Documents\FF_BMS_2020\Power board\Power_board_schmatics.SchDoc with C_SMD_0805 from FF_component_lib.SchLib
Replace Symbol from C9 C_EL_SMT_Ø6.3 in C:\Users\BOB\Documents\FF_BMS_2020\Power board\Power_board_schmatics.SchDoc with C_EL_SMT_Ø6.3 from FF_component_lib.SchLib
Replace Symbol from C10 C_EL_SMT_Ø6.3 in C:\Users\BOB\Documents\FF_BMS_2020\Power board\Power_board_schmatics.SchDoc with C_EL_SMT_Ø6.3 from FF_component_lib.SchLib
Replace Symbol from D1 Diode 10TQ035 in C:\Users\BOB\Documents\FF_BMS_2020\Power board\Power_board_schmatics.SchDoc with Diode 10TQ035 from Miscellaneous Devices.IntLib
Replace Symbol from D2 Diode 10TQ035 in C:\Users\BOB\Documents\FF_BMS_2020\Power board\Power_board_schmatics.SchDoc with Diode 10TQ035 from Miscellaneous Devices.IntLib
Replace Symbol from DCDC1 ACT4070B_SMD in C:\Users\BOB\Documents\FF_BMS_2020\Power board\Power_board_schmatics.SchDoc with ACT4070B_SMD from FF_component_lib.SchLib
Replace Symbol from DCDC2 RT8289_SMD in C:\Users\BOB\Documents\FF_BMS_2020\Power board\Power_board_schmatics.SchDoc with RT8289_SMD from FF_component_lib.SchLib
Replace Symbol from F1 Fuse 1 in C:\Users\BOB\Documents\FF_BMS_2020\Power board\Power_board_schmatics.SchDoc with Fuse 1 from Miscellaneous Devices.IntLib
Replace Symbol from F2 Fuse-holder-3A in C:\Users\BOB\Documents\FF_BMS_2020\Power board\Power_board_schmatics.SchDoc with Fuse-holder-3A from FF_component_lib.SchLib
Replace Symbol from J1 RJ11_Connector in C:\Users\BOB\Documents\FF_BMS_2020\Power board\Power_board_schmatics.SchDoc with RJ11_Connector from FF_component_lib.SchLib
Replace Symbol from J2 RJ11_Connector in C:\Users\BOB\Documents\FF_BMS_2020\Power board\Power_board_schmatics.SchDoc with RJ11_Connector from FF_component_lib.SchLib
Replace Symbol from L1 L_DR73_SMD in C:\Users\BOB\Documents\FF_BMS_2020\Power board\Power_board_schmatics.SchDoc with L_DR73_SMD from FF_component_lib.SchLib
Replace Symbol from P1 XT-60 in C:\Users\BOB\Documents\FF_BMS_2020\Power board\Power_board_schmatics.SchDoc with XT-60 from FF_component_lib.SchLib
Replace Symbol from P2 XT-60 in C:\Users\BOB\Documents\FF_BMS_2020\Power board\Power_board_schmatics.SchDoc with XT-60 from FF_component_lib.SchLib
Replace Symbol from P3 PIN_HEADER_M_1x3 in C:\Users\BOB\Documents\FF_BMS_2020\Power board\Power_board_schmatics.SchDoc with PIN_HEADER_M_1x3 from FF_component_lib.SchLib
Replace Symbol from P4 XT-60 in C:\Users\BOB\Documents\FF_BMS_2020\Power board\Power_board_schmatics.SchDoc with XT-60 from FF_component_lib.SchLib
Replace Symbol from R1 R_SMD_0805 in C:\Users\BOB\Documents\FF_BMS_2020\Power board\Power_board_schmatics.SchDoc with R_SMD_0805 from FF_component_lib.SchLib
Replace Symbol from R2 R_SMD_0805 in C:\Users\BOB\Documents\FF_BMS_2020\Power board\Power_board_schmatics.SchDoc with R_SMD_0805 from FF_component_lib.SchLib
Replace Symbol from R3 R_SMD_0805 in C:\Users\BOB\Documents\FF_BMS_2020\Power board\Power_board_schmatics.SchDoc with R_SMD_0805 from FF_component_lib.SchLib
Replace Symbol from R4 R_SMD_0805 in C:\Users\BOB\Documents\FF_BMS_2020\Power board\Power_board_schmatics.SchDoc with R_SMD_0805 from FF_component_lib.SchLib
Replace Symbol from R5 R_SMD_0805 in C:\Users\BOB\Documents\FF_BMS_2020\Power board\Power_board_schmatics.SchDoc with R_SMD_0805 from FF_component_lib.SchLib
Replace Symbol from R8 R_SMD_0805 in C:\Users\BOB\Documents\FF_BMS_2020\Power board\Power_board_schmatics.SchDoc with R_SMD_0805 from FF_component_lib.SchLib
