Replace Part C1 C_SMD_0805 in C:\Users\Magnus\Documents\Fuel_Fighter_BMS\Power board\Power_board_schmatics.SchDoc with C_SMD_0805 from FF_component_lib.SchLib
Replace Part C2 C_SMD_0805 in C:\Users\Magnus\Documents\Fuel_Fighter_BMS\Power board\Power_board_schmatics.SchDoc with C_SMD_0805 from FF_component_lib.SchLib
Replace Part C3 C_SMD_0805 in C:\Users\Magnus\Documents\Fuel_Fighter_BMS\Power board\Power_board_schmatics.SchDoc with C_SMD_0805 from FF_component_lib.SchLib
Replace Part C4 C_SMD_0805 in C:\Users\Magnus\Documents\Fuel_Fighter_BMS\Power board\Power_board_schmatics.SchDoc with C_SMD_0805 from FF_component_lib.SchLib
Replace Part C5 C_SMD_0805 in C:\Users\Magnus\Documents\Fuel_Fighter_BMS\Power board\Power_board_schmatics.SchDoc with C_SMD_0805 from FF_component_lib.SchLib
Replace Part C6 C_SMD_0805 in C:\Users\Magnus\Documents\Fuel_Fighter_BMS\Power board\Power_board_schmatics.SchDoc with C_SMD_0805 from FF_component_lib.SchLib
Replace Part C7 C_SMD_0805 in C:\Users\Magnus\Documents\Fuel_Fighter_BMS\Power board\Power_board_schmatics.SchDoc with C_SMD_0805 from FF_component_lib.SchLib
Replace Part C8 C_SMD_0805 in C:\Users\Magnus\Documents\Fuel_Fighter_BMS\Power board\Power_board_schmatics.SchDoc with C_SMD_0805 from FF_component_lib.SchLib
Replace Part C9 C_SMD_0805 in C:\Users\Magnus\Documents\Fuel_Fighter_BMS\Power board\Power_board_schmatics.SchDoc with C_SMD_0805 from FF_component_lib.SchLib
Replace Part C10 C_SMD_0805 in C:\Users\Magnus\Documents\Fuel_Fighter_BMS\Power board\Power_board_schmatics.SchDoc with C_SMD_0805 from FF_component_lib.SchLib
Replace Part D1 D_SMD_0805 in C:\Users\Magnus\Documents\Fuel_Fighter_BMS\Power board\Power_board_schmatics.SchDoc with D_SMD_0805 from FF_component_lib.SchLib
Replace Part D2 D_SMD_0805 in C:\Users\Magnus\Documents\Fuel_Fighter_BMS\Power board\Power_board_schmatics.SchDoc with D_SMD_0805 from FF_component_lib.SchLib
Replace Part F1 Fuse 1 in C:\Users\Magnus\Documents\Fuel_Fighter_BMS\Power board\Power_board_schmatics.SchDoc with Fuse 1 from Miscellaneous Devices.IntLib
Replace Part F2 Fuse 1 in C:\Users\Magnus\Documents\Fuel_Fighter_BMS\Power board\Power_board_schmatics.SchDoc with Fuse 1 from Miscellaneous Devices.IntLib
Replace Part J1 RJ11_Connector in C:\Users\Magnus\Documents\Fuel_Fighter_BMS\Power board\Power_board_schmatics.SchDoc with RJ11_Connector from FF_component_lib.SchLib
Replace Part J2 RJ11_Connector in C:\Users\Magnus\Documents\Fuel_Fighter_BMS\Power board\Power_board_schmatics.SchDoc with RJ11_Connector from FF_component_lib.SchLib
Replace Part L1 L_DR73_SMD in C:\Users\Magnus\Documents\Fuel_Fighter_BMS\Power board\Power_board_schmatics.SchDoc with L_DR73_SMD from FF_component_lib.SchLib
Replace Part L2 L_DR73_SMD in C:\Users\Magnus\Documents\Fuel_Fighter_BMS\Power board\Power_board_schmatics.SchDoc with L_DR73_SMD from FF_component_lib.SchLib
Replace Part P1 XT-60 in C:\Users\Magnus\Documents\Fuel_Fighter_BMS\Power board\Power_board_schmatics.SchDoc with XT-60 from FF_component_lib.SchLib
Replace Part P2 XT-60 in C:\Users\Magnus\Documents\Fuel_Fighter_BMS\Power board\Power_board_schmatics.SchDoc with XT-60 from FF_component_lib.SchLib
Replace Part R1 R_SMD_0805 in C:\Users\Magnus\Documents\Fuel_Fighter_BMS\Power board\Power_board_schmatics.SchDoc with R_SMD_0805 from FF_component_lib.SchLib
Replace Part R2 R_SMD_0805 in C:\Users\Magnus\Documents\Fuel_Fighter_BMS\Power board\Power_board_schmatics.SchDoc with R_SMD_0805 from FF_component_lib.SchLib
Replace Part R3 R_SMD_0805 in C:\Users\Magnus\Documents\Fuel_Fighter_BMS\Power board\Power_board_schmatics.SchDoc with R_SMD_0805 from FF_component_lib.SchLib
Replace Part R4 R_SMD_0805 in C:\Users\Magnus\Documents\Fuel_Fighter_BMS\Power board\Power_board_schmatics.SchDoc with R_SMD_0805 from FF_component_lib.SchLib
Replace Part R5 R_SMD_0805 in C:\Users\Magnus\Documents\Fuel_Fighter_BMS\Power board\Power_board_schmatics.SchDoc with R_SMD_0805 from FF_component_lib.SchLib
Replace Part R6 R_SMD_0805 in C:\Users\Magnus\Documents\Fuel_Fighter_BMS\Power board\Power_board_schmatics.SchDoc with R_SMD_0805 from FF_component_lib.SchLib
