Change Physical Footprint: Designator=C1 Old Footprint=C_SMD_0805_pcb New Footprint=C_SMD_0805_pcb
Change Physical Footprint: Designator=C2 Old Footprint=C_SMD_0805_pcb New Footprint=C_SMD_0805_pcb
Change Physical Footprint: Designator=C3 Old Footprint=C_SMD_0805_pcb New Footprint=C_SMD_0805_pcb
Change Physical Footprint: Designator=C4 Old Footprint=C_SMD_0805_pcb New Footprint=C_SMD_0805_pcb
Change Physical Footprint: Designator=C5 Old Footprint=C_SMD_0805_pcb New Footprint=C_SMD_0805_pcb
Change Physical Footprint: Designator=C6 Old Footprint=C_SMD_0805_pcb New Footprint=C_SMD_0805_pcb
Change Physical Footprint: Designator=C7 Old Footprint=C_SMD_0805_pcb New Footprint=C_SMD_0805_pcb
Change Physical Footprint: Designator=C8 Old Footprint=C_SMD_0805_pcb New Footprint=C_SMD_0805_pcb
Change Physical Footprint: Designator=C9 Old Footprint=C_EL_SMT_Ø6.3 New Footprint=C_EL_SMT_Ø6.3
Change Physical Footprint: Designator=C10 Old Footprint=C_EL_SMT_Ø6.3 New Footprint=C_EL_SMT_Ø6.3
Change Physical Footprint: Designator=D1 Old Footprint=TO-220AC New Footprint=TO-220AC
Change Physical Footprint: Designator=D2 Old Footprint=TO-220AC New Footprint=TO-220AC
Change Physical Footprint: Designator=DCDC1 Old Footprint=ACT4070B_SMD New Footprint=ACT4070B_SMD
Change Physical Footprint: Designator=DCDC2 Old Footprint=RT8289 New Footprint=RT8289
Change Physical Footprint: Designator=F1 Old Footprint=PIN-W2/E2.8 New Footprint=PIN-W2/E2.8
Change Physical Footprint: Designator=J1 Old Footprint=RJ11_Connector New Footprint=RJ11_Connector
Change Physical Footprint: Designator=J2 Old Footprint=RJ11_Connector New Footprint=RJ11_Connector
Change Physical Footprint: Designator=L1 Old Footprint=L_DR73_SMD New Footprint=L_DR73_SMD
Change Physical Footprint: Designator=P1 Old Footprint=XT-60 New Footprint=XT-60
Change Physical Footprint: Designator=P2 Old Footprint=XT-60 New Footprint=XT-60
Change Physical Footprint: Designator=P3 Old Footprint=PIN_HEADER_M_1x3 New Footprint=PIN_HEADER_M_1x3
Change Physical Footprint: Designator=P4 Old Footprint=XT-60 New Footprint=XT-60
Change Physical Footprint: Designator=R1 Old Footprint=R_SMD_0805_pcb New Footprint=R_SMD_0805_pcb
Change Physical Footprint: Designator=R2 Old Footprint=R_SMD_0805_pcb New Footprint=R_SMD_0805_pcb
Change Physical Footprint: Designator=R3 Old Footprint=R_SMD_0805_pcb New Footprint=R_SMD_0805_pcb
Change Physical Footprint: Designator=R4 Old Footprint=R_SMD_0805_pcb New Footprint=R_SMD_0805_pcb
Change Physical Footprint: Designator=R5 Old Footprint=R_SMD_0805_pcb New Footprint=R_SMD_0805_pcb
Change Physical Footprint: Designator=R8 Old Footprint=R_SMD_0805_pcb New Footprint=R_SMD_0805_pcb
