Replace Part C1 C_SMD_0805 in D:\Fuel Fighter\Altium\Rev 3 Rear PDB\Rev 3 rear PDB.SchDoc with C_SMD_0805 from FF_component_lib.SchLib
Replace Part C2 C_SMD_0805 in D:\Fuel Fighter\Altium\Rev 3 Rear PDB\Rev 3 rear PDB.SchDoc with C_SMD_0805 from FF_component_lib.SchLib
Replace Part C3 C_SMD_0805 in D:\Fuel Fighter\Altium\Rev 3 Rear PDB\Rev 3 rear PDB.SchDoc with C_SMD_0805 from FF_component_lib.SchLib
Replace Part C4 C_SMD_0805 in D:\Fuel Fighter\Altium\Rev 3 Rear PDB\Rev 3 rear PDB.SchDoc with C_SMD_0805 from FF_component_lib.SchLib
Replace Part C5 C_SMD_0805 in D:\Fuel Fighter\Altium\Rev 3 Rear PDB\Rev 3 rear PDB.SchDoc with C_SMD_0805 from FF_component_lib.SchLib
Replace Part C6 C_SMD_0805 in D:\Fuel Fighter\Altium\Rev 3 Rear PDB\Rev 3 rear PDB.SchDoc with C_SMD_0805 from FF_component_lib.SchLib
Replace Part C? C_SMD_0805 in D:\Fuel Fighter\Altium\Rev 3 Rear PDB\Rev 3 rear PDB.SchDoc with C_SMD_0805 from FF_component_lib.SchLib
Replace Part C? C_SMD_0805 in D:\Fuel Fighter\Altium\Rev 3 Rear PDB\Rev 3 rear PDB.SchDoc with C_SMD_0805 from FF_component_lib.SchLib
Replace Part C? C_SMD_0805 in D:\Fuel Fighter\Altium\Rev 3 Rear PDB\Rev 3 rear PDB.SchDoc with C_SMD_0805 from FF_component_lib.SchLib
Replace Part C? C_SMD_0805 in D:\Fuel Fighter\Altium\Rev 3 Rear PDB\Rev 3 rear PDB.SchDoc with C_SMD_0805 from FF_component_lib.SchLib
Replace Part C? C_SMD_0805 in D:\Fuel Fighter\Altium\Rev 3 Rear PDB\Rev 3 rear PDB.SchDoc with C_SMD_0805 from FF_component_lib.SchLib
Replace Part C? C_SMD_0805 in D:\Fuel Fighter\Altium\Rev 3 Rear PDB\Rev 3 rear PDB.SchDoc with C_SMD_0805 from FF_component_lib.SchLib
Replace Part DCDC1 Buck 2A TPS54202HDDCR in D:\Fuel Fighter\Altium\Rev 3 Rear PDB\Rev 3 rear PDB.SchDoc with Buck 2A TPS54202HDDCR from FF_component_lib.SchLib
Replace Part DCDC2 Buck 5A TPS5450DDAR in D:\Fuel Fighter\Altium\Rev 3 Rear PDB\Rev 3 rear PDB.SchDoc with Buck 5A TPS5450DDAR from FF_component_lib.SchLib
Replace Part F1 Fuse-holder-3A in D:\Fuel Fighter\Altium\Rev 3 Rear PDB\Rev 3 rear PDB.SchDoc with Fuse-holder-3A from FF_component_lib.SchLib
Replace Part F2 Fuse-holder-3A in D:\Fuel Fighter\Altium\Rev 3 Rear PDB\Rev 3 rear PDB.SchDoc with Fuse-holder-3A from FF_component_lib.SchLib
Replace Part J1 RJ11_Connector in D:\Fuel Fighter\Altium\Rev 3 Rear PDB\Rev 3 rear PDB.SchDoc with RJ11_Connector from FF_component_lib.SchLib
Replace Part J2 RJ11_Connector in D:\Fuel Fighter\Altium\Rev 3 Rear PDB\Rev 3 rear PDB.SchDoc with RJ11_Connector from FF_component_lib.SchLib
Replace Part L1 L_2.4A_12.5*12.5 in D:\Fuel Fighter\Altium\Rev 3 Rear PDB\Rev 3 rear PDB.SchDoc with L_2.4A_12.5*12.5 from FF_component_lib.SchLib
Replace Part P1 XT-60 in D:\Fuel Fighter\Altium\Rev 3 Rear PDB\Rev 3 rear PDB.SchDoc with XT-60 from FF_component_lib.SchLib
Replace Part P2 XT-60 in D:\Fuel Fighter\Altium\Rev 3 Rear PDB\Rev 3 rear PDB.SchDoc with XT-60 from FF_component_lib.SchLib
Replace Part P3 XT-60 in D:\Fuel Fighter\Altium\Rev 3 Rear PDB\Rev 3 rear PDB.SchDoc with XT-60 from FF_component_lib.SchLib
Replace Part P4 PIN_HEADER_M_1x3 in D:\Fuel Fighter\Altium\Rev 3 Rear PDB\Rev 3 rear PDB.SchDoc with PIN_HEADER_M_1x3 from FF_component_lib.SchLib
Replace Part R1 R_SMD_0805 in D:\Fuel Fighter\Altium\Rev 3 Rear PDB\Rev 3 rear PDB.SchDoc with R_SMD_0805 from FF_component_lib.SchLib
Replace Part R2 R_SMD_0805 in D:\Fuel Fighter\Altium\Rev 3 Rear PDB\Rev 3 rear PDB.SchDoc with R_SMD_0805 from FF_component_lib.SchLib
Replace Part R3 R_SMD_0805 in D:\Fuel Fighter\Altium\Rev 3 Rear PDB\Rev 3 rear PDB.SchDoc with R_SMD_0805 from FF_component_lib.SchLib
Replace Part R4 R_SMD_0805 in D:\Fuel Fighter\Altium\Rev 3 Rear PDB\Rev 3 rear PDB.SchDoc with R_SMD_0805 from FF_component_lib.SchLib
