Added Component: Designator=P3(PIN_HEADER_M_1x3)
Add component. Clean all parameters for all variants
Added Component: Designator=R7(R_SMD_0805_pcb)
Add component. Clean all parameters for all variants
Add component (AddParameter): Name = "Supplier 1"; Value = ""; VariantName = "[No Variations]"
Add component (AddParameter): Name = "Supplier Part Number 1"; Value = ""; VariantName = "[No Variations]"
Add component (AddParameter): Name = "Value"; Value = ""; VariantName = "[No Variations]"
Added Component: Designator=R8(R_SMD_0805_pcb)
Add component. Clean all parameters for all variants
Add component (AddParameter): Name = "Supplier 1"; Value = ""; VariantName = "[No Variations]"
Add component (AddParameter): Name = "Supplier Part Number 1"; Value = ""; VariantName = "[No Variations]"
Add component (AddParameter): Name = "Value"; Value = ""; VariantName = "[No Variations]"
Added Pin To Net: NetName=NetJ1_3 Pin=P3-1
Added Pin To Net: NetName=NetJ1_2 Pin=R8-1
Added Pin To Net: NetName=NetP3_2 Pin=P3-2
Added Pin To Net: NetName=NetP3_2 Pin=R8-2
Added Net: Name=NetP3_2
Added Member To Class: ClassName=Power_board_schmatics Member=Component P3 1x3_M
Added Member To Class: ClassName=Power_board_schmatics Member=Component R7 SMD
Added Member To Class: ClassName=Power_board_schmatics Member=Component R8 SMD
