Change Component Footprint: Designator=L1 Old Footprint=L_DR73_SMD New Footprint=L_2.4A_12.5*12.5
Change Component Footprint: Designator=L2 Old Footprint=L_DR73_SMD New Footprint=L_2.4A_12.5*12.5
Change Component Comment : Designator=L1 Old Comment=SMD New Comment=L_2.4A_12.5*12.5
Change Component Comment : Designator=L2 Old Comment=SMD New Comment=L_2.4A_12.5*12.5
Change Component Designator: OldDesignator=Input NewDesignator=P1
Change Component Designator: OldDesignator=Light NewDesignator=P2
Change Component Designator: OldDesignator=Wipper NewDesignator=P3
Change component parameters: Designator = "C4"; Footprint = "C_EL_SMT_Ø6.3"; UniqueID = "\BRFANEES"
Change component parameters. Clean all parameters for all variants
Change component parameters (AddParameter): Name = "Supplier 1"; Value = ""; VariantName = "[No Variations]"
Change component parameters (AddParameter): Name = "Supplier Part Number 1"; Value = ""; VariantName = "[No Variations]"
Change component parameters (AddParameter): Name = "value"; Value = "47uF"; VariantName = "[No Variations]"
Change component parameters: Designator = "C9"; Footprint = "C_EL_SMT_Ø6.3"; UniqueID = "\IQPNOQQD"
Change component parameters. Clean all parameters for all variants
Change component parameters (AddParameter): Name = "Supplier 1"; Value = ""; VariantName = "[No Variations]"
Change component parameters (AddParameter): Name = "Supplier Part Number 1"; Value = ""; VariantName = "[No Variations]"
Change component parameters (AddParameter): Name = "value"; Value = "47uF"; VariantName = "[No Variations]"
Change component parameters: Designator = "L1"; Footprint = "L_2.4A_12.5*12.5"; UniqueID = "\WSLIBVQS"
Change component parameters. Clean all parameters for all variants
Change component parameters (AddParameter): Name = "Value"; Value = "15uH"; VariantName = "[No Variations]"
Change component parameters: Designator = "L2"; Footprint = "L_2.4A_12.5*12.5"; UniqueID = "\GCXIWLMZ"
Change component parameters. Clean all parameters for all variants
Change component parameters (AddParameter): Name = "Value"; Value = "15uH"; VariantName = "[No Variations]"
