Removed Pin From Net: NetName=NetC3_2 Pin=F1-1
Removed Pin From Net: NetName=NetF1_2 Pin=F1-2
Removed Pin From Net: NetName=NetC8_2 Pin=F2-1
Removed Pin From Net: NetName=NetF2_2 Pin=F2-2
Removed Pin From Net: NetName=NetF2_2 Pin=P2-1
Removed Pin From Net: NetName=NetF1_2 Pin=P3-1
Change Component Comment : Designator=F1 Old Comment=Fuse 1 New Comment=Fuse-holder-3A
Change Component Comment : Designator=F2 Old Comment=Fuse 1 New Comment=Fuse-holder-3A
Change component parameters: Designator = "F1"; UniqueID = "\UIKRGKKR"
Change component parameters. Clean all parameters for all variants
Change component parameters (AddParameter): Name = "ComponentLink1Description"; Value = "datasheet"; VariantName = "[No Variations]"
Change component parameters (AddParameter): Name = "ComponentLink1URL"; Value = "https://www.littelfuse.com/~/media/electronics/datasheets/fuse_clips/littelfuse_fuse_clip_111_datasheet.pdf.pdf"; VariantName = "[No Variations]"
Change component parameters (AddParameter): Name = "Parameter 2"; Value = ""; VariantName = "[No Variations]"
Change component parameters (AddParameter): Name = "value"; Value = ""; VariantName = "[No Variations]"
Change component parameters: Designator = "F2"; UniqueID = "\OHQOZTWF"
Change component parameters. Clean all parameters for all variants
Change component parameters (AddParameter): Name = "ComponentLink1Description"; Value = "datasheet"; VariantName = "[No Variations]"
Change component parameters (AddParameter): Name = "ComponentLink1URL"; Value = "https://www.littelfuse.com/~/media/electronics/datasheets/fuse_clips/littelfuse_fuse_clip_111_datasheet.pdf.pdf"; VariantName = "[No Variations]"
Change component parameters (AddParameter): Name = "Parameter 2"; Value = ""; VariantName = "[No Variations]"
Change component parameters (AddParameter): Name = "value"; Value = ""; VariantName = "[No Variations]"
Added Pin To Net: NetName=NetF1_2 Pin=F1-1
Added Pin To Net: NetName=NetC8_2 Pin=F1-2
Added Pin To Net: NetName=NetF2_2 Pin=F2-1
Added Pin To Net: NetName=NetC3_2 Pin=F2-2
Added Pin To Net: NetName=NetF1_2 Pin=P2-1
Added Pin To Net: NetName=NetF2_2 Pin=P3-1
Change Net Name : Old Net Name=NetF1_2 New Net Name=NetF1_1
Change Net Name : Old Net Name=NetF2_2 New Net Name=NetF2_1
