Replace Symbol from C1 C_SMD_0805 in C:\Users\BOB\Documents\FF_BMS_2020\distribution board(front)\front_distribution_board.SchDoc with C_SMD_0805 from FF_component_lib.SchLib
Replace Symbol from C2 C_EL_SMT_Ø6.3 in C:\Users\BOB\Documents\FF_BMS_2020\distribution board(front)\front_distribution_board.SchDoc with C_EL_SMT_Ø6.3 from FF_component_lib.SchLib
Replace Symbol from C3 C_SMD_0805 in C:\Users\BOB\Documents\FF_BMS_2020\distribution board(front)\front_distribution_board.SchDoc with C_SMD_0805 from FF_component_lib.SchLib
Replace Symbol from C4 C_EL_SMT_Ø6.3 in C:\Users\BOB\Documents\FF_BMS_2020\distribution board(front)\front_distribution_board.SchDoc with C_EL_SMT_Ø6.3 from FF_component_lib.SchLib
Replace Symbol from C5 C_SMD_0805 in C:\Users\BOB\Documents\FF_BMS_2020\distribution board(front)\front_distribution_board.SchDoc with C_SMD_0805 from FF_component_lib.SchLib
Replace Symbol from C6 C_SMD_0805 in C:\Users\BOB\Documents\FF_BMS_2020\distribution board(front)\front_distribution_board.SchDoc with C_SMD_0805 from FF_component_lib.SchLib
Replace Symbol from C7 C_EL_SMT_Ø6.3 in C:\Users\BOB\Documents\FF_BMS_2020\distribution board(front)\front_distribution_board.SchDoc with C_EL_SMT_Ø6.3 from FF_component_lib.SchLib
Replace Symbol from C8 C_SMD_0805 in C:\Users\BOB\Documents\FF_BMS_2020\distribution board(front)\front_distribution_board.SchDoc with C_SMD_0805 from FF_component_lib.SchLib
Replace Symbol from C9 C_EL_SMT_Ø6.3 in C:\Users\BOB\Documents\FF_BMS_2020\distribution board(front)\front_distribution_board.SchDoc with C_EL_SMT_Ø6.3 from FF_component_lib.SchLib
Replace Symbol from C10 C_SMD_0805 in C:\Users\BOB\Documents\FF_BMS_2020\distribution board(front)\front_distribution_board.SchDoc with C_SMD_0805 from FF_component_lib.SchLib
Replace Symbol from D1 Diode 10TQ035 in C:\Users\BOB\Documents\FF_BMS_2020\distribution board(front)\front_distribution_board.SchDoc with Diode 10TQ035 from Miscellaneous Devices.IntLib
Replace Symbol from D2 Diode 10TQ035 in C:\Users\BOB\Documents\FF_BMS_2020\distribution board(front)\front_distribution_board.SchDoc with Diode 10TQ035 from Miscellaneous Devices.IntLib
Replace Symbol from DCDC1 ACT4070B_SMD in C:\Users\BOB\Documents\FF_BMS_2020\distribution board(front)\front_distribution_board.SchDoc with ACT4070B_SMD from FF_component_lib.SchLib
Replace Symbol from DCDC2 ACT4070B_SMD in C:\Users\BOB\Documents\FF_BMS_2020\distribution board(front)\front_distribution_board.SchDoc with ACT4070B_SMD from FF_component_lib.SchLib
Replace Symbol from F1 Fuse-holder-3A in C:\Users\BOB\Documents\FF_BMS_2020\distribution board(front)\front_distribution_board.SchDoc with Fuse-holder-3A from FF_component_lib.SchLib
Replace Symbol from F2 Fuse-holder-3A in C:\Users\BOB\Documents\FF_BMS_2020\distribution board(front)\front_distribution_board.SchDoc with Fuse-holder-3A from FF_component_lib.SchLib
Replace Symbol from L1 L_2.4A_12.5*12.5 in C:\Users\BOB\Documents\FF_BMS_2020\distribution board(front)\front_distribution_board.SchDoc with L_2.4A_12.5*12.5 from FF_component_lib.SchLib
Replace Symbol from L2 L_2.4A_12.5*12.5 in C:\Users\BOB\Documents\FF_BMS_2020\distribution board(front)\front_distribution_board.SchDoc with L_2.4A_12.5*12.5 from FF_component_lib.SchLib
Replace Symbol from P1 XT-60 in C:\Users\BOB\Documents\FF_BMS_2020\distribution board(front)\front_distribution_board.SchDoc with XT-60 from FF_component_lib.SchLib
Replace Symbol from P2 XT-60 in C:\Users\BOB\Documents\FF_BMS_2020\distribution board(front)\front_distribution_board.SchDoc with XT-60 from FF_component_lib.SchLib
Replace Symbol from P3 XT-60 in C:\Users\BOB\Documents\FF_BMS_2020\distribution board(front)\front_distribution_board.SchDoc with XT-60 from FF_component_lib.SchLib
Replace Symbol from R1 R_SMD_0805 in C:\Users\BOB\Documents\FF_BMS_2020\distribution board(front)\front_distribution_board.SchDoc with R_SMD_0805 from FF_component_lib.SchLib
Replace Symbol from R2 R_SMD_0805 in C:\Users\BOB\Documents\FF_BMS_2020\distribution board(front)\front_distribution_board.SchDoc with R_SMD_0805 from FF_component_lib.SchLib
Replace Symbol from R3 R_SMD_0805 in C:\Users\BOB\Documents\FF_BMS_2020\distribution board(front)\front_distribution_board.SchDoc with R_SMD_0805 from FF_component_lib.SchLib
Replace Symbol from R4 R_SMD_0805 in C:\Users\BOB\Documents\FF_BMS_2020\distribution board(front)\front_distribution_board.SchDoc with R_SMD_0805 from FF_component_lib.SchLib
Replace Symbol from R5 R_SMD_0805 in C:\Users\BOB\Documents\FF_BMS_2020\distribution board(front)\front_distribution_board.SchDoc with R_SMD_0805 from FF_component_lib.SchLib
Replace Symbol from R6 R_SMD_0805 in C:\Users\BOB\Documents\FF_BMS_2020\distribution board(front)\front_distribution_board.SchDoc with R_SMD_0805 from FF_component_lib.SchLib
