Replace Part C1 C_SMD_0805 in D:\Fuel Fighter\Altium\rev 3 autonomous\rev 3 autonomous.SchDoc with C_SMD_0805 from FF_component_lib.SchLib
Replace Part C2 C_SMD_0805 in D:\Fuel Fighter\Altium\rev 3 autonomous\rev 3 autonomous.SchDoc with C_SMD_0805 from FF_component_lib.SchLib
Replace Part C3 C_SMD_0805 in D:\Fuel Fighter\Altium\rev 3 autonomous\rev 3 autonomous.SchDoc with C_SMD_0805 from FF_component_lib.SchLib
Replace Part C4 C_SMD_0805 in D:\Fuel Fighter\Altium\rev 3 autonomous\rev 3 autonomous.SchDoc with C_SMD_0805 from FF_component_lib.SchLib
Replace Part C5 C_SMD_0805 in D:\Fuel Fighter\Altium\rev 3 autonomous\rev 3 autonomous.SchDoc with C_SMD_0805 from FF_component_lib.SchLib
Replace Part C6 C_SMD_0805 in D:\Fuel Fighter\Altium\rev 3 autonomous\rev 3 autonomous.SchDoc with C_SMD_0805 from FF_component_lib.SchLib
Replace Part C7 C_SMD_0805 in D:\Fuel Fighter\Altium\rev 3 autonomous\rev 3 autonomous.SchDoc with C_SMD_0805 from FF_component_lib.SchLib
Replace Part C8 C_SMD_0805 in D:\Fuel Fighter\Altium\rev 3 autonomous\rev 3 autonomous.SchDoc with C_SMD_0805 from FF_component_lib.SchLib
Replace Part C9 C_SMD_0805 in D:\Fuel Fighter\Altium\rev 3 autonomous\rev 3 autonomous.SchDoc with C_SMD_0805 from FF_component_lib.SchLib
Replace Part C10 C_SMD_0805 in D:\Fuel Fighter\Altium\rev 3 autonomous\rev 3 autonomous.SchDoc with C_SMD_0805 from FF_component_lib.SchLib
Replace Part C11 C_SMD_0805 in D:\Fuel Fighter\Altium\rev 3 autonomous\rev 3 autonomous.SchDoc with C_SMD_0805 from FF_component_lib.SchLib
Replace Part C12 C_SMD_0805 in D:\Fuel Fighter\Altium\rev 3 autonomous\rev 3 autonomous.SchDoc with C_SMD_0805 from FF_component_lib.SchLib
Replace Part D1 Diode 10TQ035 in D:\Fuel Fighter\Altium\rev 3 autonomous\rev 3 autonomous.SchDoc with Diode 10TQ035 from Miscellaneous Devices.IntLib
Replace Part D2 Diode 10TQ035 in D:\Fuel Fighter\Altium\rev 3 autonomous\rev 3 autonomous.SchDoc with Diode 10TQ035 from Miscellaneous Devices.IntLib
Replace Part DCDC1 Buck 2A TPS54202HDDCR in D:\Fuel Fighter\Altium\rev 3 autonomous\rev 3 autonomous.SchDoc with Buck 2A TPS54202HDDCR from FF_component_lib.SchLib
Replace Part DCDC2 Buck 2A TPS54202HDDCR in D:\Fuel Fighter\Altium\rev 3 autonomous\rev 3 autonomous.SchDoc with Buck 2A TPS54202HDDCR from FF_component_lib.SchLib
Replace Part F1 Fuse-holder-3A in D:\Fuel Fighter\Altium\rev 3 autonomous\rev 3 autonomous.SchDoc with Fuse-holder-3A from FF_component_lib.SchLib
Replace Part F2 Fuse-holder-3A in D:\Fuel Fighter\Altium\rev 3 autonomous\rev 3 autonomous.SchDoc with Fuse-holder-3A from FF_component_lib.SchLib
Replace Part L1 L_22uH_4.3A_12.5*12.5 in D:\Fuel Fighter\Altium\rev 3 autonomous\rev 3 autonomous.SchDoc with L_22uH_4.3A_12.5*12.5 from FF_component_lib.SchLib
Replace Part L2 L_22uH_4.3A_12.5*12.5 in D:\Fuel Fighter\Altium\rev 3 autonomous\rev 3 autonomous.SchDoc with L_22uH_4.3A_12.5*12.5 from FF_component_lib.SchLib
Replace Part Pinn XT-60 in D:\Fuel Fighter\Altium\rev 3 autonomous\rev 3 autonomous.SchDoc with XT-60 from FF_component_lib.SchLib
Replace Part Put_1 XT-60 in D:\Fuel Fighter\Altium\rev 3 autonomous\rev 3 autonomous.SchDoc with XT-60 from FF_component_lib.SchLib
Replace Part Put_2 XT-60 in D:\Fuel Fighter\Altium\rev 3 autonomous\rev 3 autonomous.SchDoc with XT-60 from FF_component_lib.SchLib
Replace Part Put_LIDAR XT-60 in D:\Fuel Fighter\Altium\rev 3 autonomous\rev 3 autonomous.SchDoc with XT-60 from FF_component_lib.SchLib
Replace Part Put_NUC XT-60 in D:\Fuel Fighter\Altium\rev 3 autonomous\rev 3 autonomous.SchDoc with XT-60 from FF_component_lib.SchLib
Replace Part R1 R_SMD_0805 in D:\Fuel Fighter\Altium\rev 3 autonomous\rev 3 autonomous.SchDoc with R_SMD_0805 from FF_component_lib.SchLib
Replace Part R2 R_SMD_0805 in D:\Fuel Fighter\Altium\rev 3 autonomous\rev 3 autonomous.SchDoc with R_SMD_0805 from FF_component_lib.SchLib
Replace Part R3 R_SMD_0805 in D:\Fuel Fighter\Altium\rev 3 autonomous\rev 3 autonomous.SchDoc with R_SMD_0805 from FF_component_lib.SchLib
Replace Part R4 R_SMD_0805 in D:\Fuel Fighter\Altium\rev 3 autonomous\rev 3 autonomous.SchDoc with R_SMD_0805 from FF_component_lib.SchLib
Replace Part R5 R_SMD_0805 in D:\Fuel Fighter\Altium\rev 3 autonomous\rev 3 autonomous.SchDoc with R_SMD_0805 from FF_component_lib.SchLib
Replace Part R6 R_SMD_0805 in D:\Fuel Fighter\Altium\rev 3 autonomous\rev 3 autonomous.SchDoc with R_SMD_0805 from FF_component_lib.SchLib
